<?xml version="1.0" encoding="UTF-8"?>
<testsuite xmlns:xsi="http://www.w3.org/2001/XMLSchema-instance" xsi:noNamespaceSchemaLocation="https://maven.apache.org/surefire/maven-surefire-plugin/xsd/surefire-test-report.xsd" version="3.0.2" name="com.herokuapp.tests.NestedFramesTests" time="11.024" tests="1" errors="0" skipped="0" failures="0">
  <properties>
[...]
</properties>
  <testcase name="nestedFramesTest" classname="com.herokuapp.tests.NestedFramesTests" time="10.983">
    <system-out><![CDATA[11:18:56.022 [main] INFO  i.g.bonigarcia.wdm.WebDriverManager -- Using chromedriver 152.0.7977.64 (resolved driver for Chrome 152)
11:18:56.060 [main] INFO  i.g.bonigarcia.wdm.WebDriverManager -- Exporting webdriver.chrome.driver as C:\Users\asus\.cache\selenium\chromedriver\win64\152.0.7977.64\chromedriver.exe
11:19:02.965 [main] INFO  com.herokuapp.utils.MyListener -- We opened the site https://the-internet.herokuapp.com/
11:19:05.177 [main] INFO  com.herokuapp.utils.MyListener -- We clicked on [[ChromeDriver: chrome on windows (108dead84e67b136374c518ff1e2149c)] -> css selector: a[href='/nested_frames']]
11:19:05.177 [main] INFO  com.herokuapp.utils.MyListener -- ****************************
11:19:05.359 [main] INFO  com.herokuapp.utils.MyListener -- [[ChromeDriver: chrome on windows (108dead84e67b136374c518ff1e2149c)] -> tag name: body] contains LEFT
11:19:05.359 [main] INFO  com.herokuapp.utils.MyListener -- ****************************************
11:19:05.450 [main] INFO  com.herokuapp.utils.MyListener -- [[ChromeDriver: chrome on windows (108dead84e67b136374c518ff1e2149c)] -> tag name: body] contains MIDDLE
11:19:05.450 [main] INFO  com.herokuapp.utils.MyListener -- ****************************************
11:19:05.523 [main] INFO  com.herokuapp.utils.MyListener -- [[ChromeDriver: chrome on windows (108dead84e67b136374c518ff1e2149c)] -> tag name: body] contains RIGHT
11:19:05.523 [main] INFO  com.herokuapp.utils.MyListener -- ****************************************
11:19:05.602 [main] INFO  com.herokuapp.utils.MyListener -- [[ChromeDriver: chrome on windows (108dead84e67b136374c518ff1e2149c)] -> tag name: body] contains BOTTOM
11:19:05.602 [main] INFO  com.herokuapp.utils.MyListener -- ****************************************
]]></system-out>
    <system-err><![CDATA[сент. 01, 2026 11:18:58 AM org.openqa.selenium.devtools.CdpVersionFinder findNearestMatch
WARNING: Unable to find an exact match for CDP version 152, returning the closest version; found: 151; Please update to a Selenium version that supports CDP version 152
]]></system-err>
  </testcase>
</testsuite>